Copyright 1986-2016 Xilinx, Inc. All Rights Reserved.
----------------------------------------------------------------------------------------
| Tool Version     : Vivado v.2016.4 (lin64) Build 1733598 Wed Dec 14 22:35:42 MST 2016
| Date             : Mon Dec 26 09:56:01 2016
| Host             : pedro-nvme running 64-bit Ubuntu 16.10
| Command          : report_power -file ./results/post_route_power.rpt
| Design           : top
| Device           : xc7z020clg400-1
| Design State     : routed
| Grade            : commercial
| Process          : typical
| Characterization : Production
----------------------------------------------------------------------------------------

Power Report

Table of Contents
-----------------
1. Summary
1.1 On-Chip Components
1.2 Power Supply Summary
1.3 Confidence Level
2. Settings
2.1 Environment
2.2 Clock Constraints
3. Detailed Reports
3.1 By Hierarchy

1. Summary
----------

+--------------------------+--------+
| Total On-Chip Power (W)  | 2.201  |
| Dynamic (W)              | 2.028  |
| Device Static (W)        | 0.174  |
| Effective TJA (C/W)      | 11.5   |
| Max Ambient (C)          | 59.6   |
| Junction Temperature (C) | 50.4   |
| Confidence Level         | Medium |
| Setting File             | ---    |
| Simulation Activity File | ---    |
| Design Nets Matched      | NA     |
+--------------------------+--------+


1.1 On-Chip Components
----------------------

+--------------------------+-----------+----------+-----------+-----------------+
| On-Chip                  | Power (W) | Used     | Available | Utilization (%) |
+--------------------------+-----------+----------+-----------+-----------------+
| Clocks                   |     0.077 |        7 |       --- |             --- |
| Slice Logic              |     0.064 |    11922 |       --- |             --- |
|   LUT as Shift Register  |     0.033 |     2048 |     17400 |           11.77 |
|   LUT as Logic           |     0.017 |     1305 |     53200 |            2.45 |
|   Register               |     0.014 |     7530 |    106400 |            7.08 |
|   CARRY4                 |    <0.001 |      108 |     13300 |            0.81 |
|   LUT as Distributed RAM |    <0.001 |       24 |     17400 |            0.14 |
|   Others                 |     0.000 |      612 |       --- |             --- |
|   F7/F8 Muxes            |     0.000 |        1 |     53200 |           <0.01 |
| Signals                  |     0.124 |     9983 |       --- |             --- |
| Block RAM                |     0.185 |       32 |       140 |           22.86 |
| MMCM                     |     0.106 |        1 |         4 |           25.00 |
| DSPs                     |     0.074 |       32 |       220 |           14.55 |
| PS7                      |     1.398 |        1 |       --- |             --- |
| Static Power             |     0.174 |          |           |                 |
| Total                    |     2.201 |          |           |                 |
+--------------------------+-----------+----------+-----------+-----------------+


1.2 Power Supply Summary
------------------------

+-----------+-------------+-----------+-------------+------------+
| Source    | Voltage (V) | Total (A) | Dynamic (A) | Static (A) |
+-----------+-------------+-----------+-------------+------------+
| Vccint    |       1.000 |     0.534 |       0.514 |      0.020 |
| Vccaux    |       1.800 |     0.080 |       0.059 |      0.022 |
| Vcco33    |       3.300 |     0.001 |       0.000 |      0.001 |
| Vcco25    |       2.500 |     0.000 |       0.000 |      0.000 |
| Vcco18    |       1.800 |     0.001 |       0.000 |      0.001 |
| Vcco15    |       1.500 |     0.000 |       0.000 |      0.000 |
| Vcco135   |       1.350 |     0.001 |       0.000 |      0.001 |
| Vcco12    |       1.200 |     0.000 |       0.000 |      0.000 |
| Vccaux_io |       1.800 |     0.000 |       0.000 |      0.000 |
| Vccbram   |       1.000 |     0.014 |       0.010 |      0.004 |
| MGTAVcc   |       1.000 |     0.000 |       0.000 |      0.000 |
| MGTAVtt   |       1.200 |     0.000 |       0.000 |      0.000 |
| MGTVccaux |       1.800 |     0.000 |       0.000 |      0.000 |
| Vccpint   |       1.000 |     0.753 |       0.716 |      0.037 |
| Vccpaux   |       1.800 |     0.061 |       0.051 |      0.010 |
| Vccpll    |       1.800 |     0.017 |       0.014 |      0.003 |
| Vcco_ddr  |       1.350 |     0.413 |       0.411 |      0.002 |
| Vcco_mio0 |       3.300 |     0.003 |       0.002 |      0.001 |
| Vcco_mio1 |       1.800 |     0.003 |       0.002 |      0.001 |
| Vccadc    |       1.800 |     0.020 |       0.000 |      0.020 |
+-----------+-------------+-----------+-------------+------------+


1.3 Confidence Level
--------------------

+-----------------------------+------------+------------------------------------------------+------------------------------------------------------------------------------------------------------------+
| User Input Data             | Confidence | Details                                        | Action                                                                                                     |
+-----------------------------+------------+------------------------------------------------+------------------------------------------------------------------------------------------------------------+
| Design implementation state | High       | Design is routed                               |                                                                                                            |
| Clock nodes activity        | High       | User specified more than 95% of clocks         |                                                                                                            |
| I/O nodes activity          | High       | User specified more than 95% of inputs         |                                                                                                            |
| Internal nodes activity     | Medium     | User specified less than 25% of internal nodes | Provide missing internal nodes activity with simulation results or by editing the "By Resource Type" views |
| Device models               | High       | Device models are Production                   |                                                                                                            |
|                             |            |                                                |                                                                                                            |
| Overall confidence level    | Medium     |                                                |                                                                                                            |
+-----------------------------+------------+------------------------------------------------+------------------------------------------------------------------------------------------------------------+


2. Settings
-----------

2.1 Environment
---------------

+-----------------------+------------------------+
| Ambient Temp (C)      | 25.0                   |
| ThetaJA (C/W)         | 11.5                   |
| Airflow (LFM)         | 250                    |
| Heat Sink             | none                   |
| ThetaSA (C/W)         | 0.0                    |
| Board Selection       | medium (10"x10")       |
| # of Board Layers     | 8to11 (8 to 11 Layers) |
| Board Temperature (C) | 25.0                   |
+-----------------------+------------------------+


2.2 Clock Constraints
---------------------

+-------------------------------------------------------------------------+-----------------------------------------------------------+-----------------+
| Clock                                                                   | Domain                                                    | Constraint (ns) |
+-------------------------------------------------------------------------+-----------------------------------------------------------+-----------------+
| clk_fpga_0                                                              | system_i/processing_system7_0/inst/FCLK_CLK0              |            10.0 |
| clk_fpga_0                                                              | system_i/processing_system7_0/inst/FCLK_CLK_unbuffered[0] |            10.0 |
| clk_out200_clk_wiz_0                                                    | instance_name/inst/clk_out200_clk_wiz_0                   |             5.0 |
| clkfbout_clk_wiz_0                                                      | instance_name/inst/clkfbout_clk_wiz_0                     |            10.0 |
| dbg_hub/inst/SWITCH_N_EXT_BSCAN.bscan_inst/SERIES7_BSCAN.bscan_inst/TCK | dbg_hub/inst/SWITCH_N_EXT_BSCAN.bscan_inst/tck_bs         |            33.0 |
+-------------------------------------------------------------------------+-----------------------------------------------------------+-----------------+


3. Detailed Reports
-------------------

3.1 By Hierarchy
----------------

+----------------------------------------------------------------------------------+-----------+
| Name                                                                             | Power (W) |
+----------------------------------------------------------------------------------+-----------+
| top                                                                              |     2.028 |
|   dbg_hub                                                                        |     0.004 |
|     inst                                                                         |     0.004 |
|       CORE_XSDB.UUT_MASTER                                                       |     0.004 |
|         U_ICON_INTERFACE                                                         |     0.002 |
|           U_CMD1                                                                 |    <0.001 |
|           U_CMD2                                                                 |    <0.001 |
|           U_CMD3                                                                 |    <0.001 |
|           U_CMD4                                                                 |    <0.001 |
|           U_CMD5                                                                 |    <0.001 |
|           U_CMD6_RD                                                              |    <0.001 |
|             U_RD_FIFO                                                            |    <0.001 |
|               SUBCORE_FIFO.xsdbm_v2_0_2_rdfifo_inst                              |    <0.001 |
|                 inst_fifo_gen                                                    |    <0.001 |
|                   gconvfifo.rf                                                   |    <0.001 |
|                     grf.rf                                                       |    <0.001 |
|                       gntv_or_sync_fifo.gcx.clkx                                 |    <0.001 |
|                         gnxpm_cdc.gsync_stage[1].rd_stg_inst                     |    <0.001 |
|                         gnxpm_cdc.gsync_stage[1].wr_stg_inst                     |    <0.001 |
|                         gnxpm_cdc.gsync_stage[2].rd_stg_inst                     |    <0.001 |
|                         gnxpm_cdc.gsync_stage[2].wr_stg_inst                     |    <0.001 |
|                       gntv_or_sync_fifo.gl0.rd                                   |    <0.001 |
|                         gr1.gr1_int.rfwft                                        |    <0.001 |
|                         gras.rsts                                                |    <0.001 |
|                         rpntr                                                    |    <0.001 |
|                       gntv_or_sync_fifo.gl0.wr                                   |    <0.001 |
|                         gwas.wsts                                                |    <0.001 |
|                         wpntr                                                    |    <0.001 |
|                       gntv_or_sync_fifo.mem                                      |    <0.001 |
|                         gdm.dm_gen.dm                                            |    <0.001 |
|                           RAM_reg_0_15_0_5                                       |    <0.001 |
|                           RAM_reg_0_15_12_15                                     |    <0.001 |
|                           RAM_reg_0_15_6_11                                      |    <0.001 |
|                       rstblk                                                     |    <0.001 |
|                         ngwrdrst.grst.g7serrst.gwrrd_rst_sync_stage[1].rrst_inst |    <0.001 |
|                         ngwrdrst.grst.g7serrst.gwrrd_rst_sync_stage[1].wrst_inst |    <0.001 |
|                         ngwrdrst.grst.g7serrst.gwrrd_rst_sync_stage[2].rrst_inst |    <0.001 |
|                         ngwrdrst.grst.g7serrst.gwrrd_rst_sync_stage[2].wrst_inst |    <0.001 |
|           U_CMD6_WR                                                              |    <0.001 |
|             U_WR_FIFO                                                            |    <0.001 |
|               SUBCORE_FIFO.xsdbm_v2_0_2_wrfifo_inst                              |    <0.001 |
|                 inst_fifo_gen                                                    |    <0.001 |
|                   gconvfifo.rf                                                   |    <0.001 |
|                     grf.rf                                                       |    <0.001 |
|                       gntv_or_sync_fifo.gcx.clkx                                 |    <0.001 |
|                         gnxpm_cdc.gsync_stage[1].rd_stg_inst                     |    <0.001 |
|                         gnxpm_cdc.gsync_stage[1].wr_stg_inst                     |    <0.001 |
|                         gnxpm_cdc.gsync_stage[2].rd_stg_inst                     |    <0.001 |
|                         gnxpm_cdc.gsync_stage[2].wr_stg_inst                     |    <0.001 |
|                       gntv_or_sync_fifo.gl0.rd                                   |    <0.001 |
|                         gras.rsts                                                |    <0.001 |
|                         rpntr                                                    |    <0.001 |
|                       gntv_or_sync_fifo.gl0.wr                                   |    <0.001 |
|                         gwas.wsts                                                |    <0.001 |
|                         wpntr                                                    |    <0.001 |
|                       gntv_or_sync_fifo.mem                                      |    <0.001 |
|                         gdm.dm_gen.dm                                            |    <0.001 |
|                           RAM_reg_0_15_0_5                                       |    <0.001 |
|                           RAM_reg_0_15_12_15                                     |    <0.001 |
|                           RAM_reg_0_15_6_11                                      |    <0.001 |
|                       rstblk                                                     |    <0.001 |
|                         ngwrdrst.grst.g7serrst.gwrrd_rst_sync_stage[1].rrst_inst |    <0.001 |
|                         ngwrdrst.grst.g7serrst.gwrrd_rst_sync_stage[1].wrst_inst |    <0.001 |
|                         ngwrdrst.grst.g7serrst.gwrrd_rst_sync_stage[2].rrst_inst |    <0.001 |
|                         ngwrdrst.grst.g7serrst.gwrrd_rst_sync_stage[2].wrst_inst |    <0.001 |
|           U_CMD7_CTL                                                             |    <0.001 |
|           U_CMD7_STAT                                                            |    <0.001 |
|           U_STATIC_STATUS                                                        |    <0.001 |
|         U_XSDB_ADDRESS_CONTROLLER                                                |    <0.001 |
|         U_XSDB_BURST_WD_LEN_CONTROLLER                                           |    <0.001 |
|         U_XSDB_BUS_CONTROLLER                                                    |    <0.001 |
|           U_RD_ABORT_FLAG                                                        |    <0.001 |
|           U_RD_REQ_FLAG                                                          |    <0.001 |
|           U_TIMER                                                                |    <0.001 |
|         U_XSDB_BUS_MSTR2SL_PORT_IFACE                                            |    <0.001 |
|       CORE_XSDB.U_ICON                                                           |    <0.001 |
|         U_CMD                                                                    |    <0.001 |
|         U_STAT                                                                   |    <0.001 |
|         U_SYNC                                                                   |    <0.001 |
|       SWITCH_N_EXT_BSCAN.bscan_inst                                              |    <0.001 |
|       SWITCH_N_EXT_BSCAN.bscan_switch                                            |    <0.001 |
|   gen_code_label[0].delay_inst                                                   |     0.017 |
|     dsp_nop_inst                                                                 |     0.003 |
|       U0                                                                         |     0.003 |
|         i_synth                                                                  |     0.003 |
|           i_synth_option.i_synth_model                                           |     0.003 |
|             opt_7series.i_uniwrap                                                |     0.003 |
|     lfsr_check_inst                                                              |    <0.001 |
|       lfsr_inst                                                                  |    <0.001 |
|     lfsr_gen_inst                                                                |     0.001 |
|       lfsr_inst                                                                  |    <0.001 |
|     sp_bram_inst                                                                 |     0.007 |
|       U0                                                                         |     0.007 |
|         inst_blk_mem_gen                                                         |     0.007 |
|           gnbram.gnativebmg.native_blk_mem_gen                                   |     0.007 |
|             valid.cstr                                                           |     0.007 |
|               ramloop[0].ram.r                                                   |     0.007 |
|                 prim_noinit.ram                                                  |     0.007 |
|     srl32_inst                                                                   |     0.003 |
|       U0                                                                         |     0.003 |
|         i_synth                                                                  |     0.003 |
|           i_bb_inst                                                              |     0.003 |
|   gen_code_label[10].delay_inst                                                  |     0.016 |
|     dsp_nop_inst                                                                 |     0.003 |
|       U0                                                                         |     0.003 |
|         i_synth                                                                  |     0.003 |
|           i_synth_option.i_synth_model                                           |     0.003 |
|             opt_7series.i_uniwrap                                                |     0.003 |
|     lfsr_check_inst                                                              |    <0.001 |
|       lfsr_inst                                                                  |    <0.001 |
|     lfsr_gen_inst                                                                |     0.001 |
|       lfsr_inst                                                                  |    <0.001 |
|     sp_bram_inst                                                                 |     0.006 |
|       U0                                                                         |     0.006 |
|         inst_blk_mem_gen                                                         |     0.006 |
|           gnbram.gnativebmg.native_blk_mem_gen                                   |     0.006 |
|             valid.cstr                                                           |     0.006 |
|               ramloop[0].ram.r                                                   |     0.006 |
|                 prim_noinit.ram                                                  |     0.006 |
|     srl32_inst                                                                   |     0.003 |
|       U0                                                                         |     0.003 |
|         i_synth                                                                  |     0.003 |
|           i_bb_inst                                                              |     0.003 |
|   gen_code_label[11].delay_inst                                                  |     0.017 |
|     dsp_nop_inst                                                                 |     0.003 |
|       U0                                                                         |     0.003 |
|         i_synth                                                                  |     0.003 |
|           i_synth_option.i_synth_model                                           |     0.003 |
|             opt_7series.i_uniwrap                                                |     0.003 |
|     lfsr_check_inst                                                              |    <0.001 |
|       lfsr_inst                                                                  |    <0.001 |
|     lfsr_gen_inst                                                                |     0.001 |
|       lfsr_inst                                                                  |    <0.001 |
|     sp_bram_inst                                                                 |     0.006 |
|       U0                                                                         |     0.006 |
|         inst_blk_mem_gen                                                         |     0.006 |
|           gnbram.gnativebmg.native_blk_mem_gen                                   |     0.006 |
|             valid.cstr                                                           |     0.006 |
|               ramloop[0].ram.r                                                   |     0.006 |
|                 prim_noinit.ram                                                  |     0.006 |
|     srl32_inst                                                                   |     0.003 |
|       U0                                                                         |     0.003 |
|         i_synth                                                                  |     0.003 |
|           i_bb_inst                                                              |     0.003 |
|   gen_code_label[12].delay_inst                                                  |     0.017 |
|     dsp_nop_inst                                                                 |     0.003 |
|       U0                                                                         |     0.003 |
|         i_synth                                                                  |     0.003 |
|           i_synth_option.i_synth_model                                           |     0.003 |
|             opt_7series.i_uniwrap                                                |     0.003 |
|     lfsr_check_inst                                                              |    <0.001 |
|       lfsr_inst                                                                  |    <0.001 |
|     lfsr_gen_inst                                                                |     0.001 |
|       lfsr_inst                                                                  |    <0.001 |
|     sp_bram_inst                                                                 |     0.006 |
|       U0                                                                         |     0.006 |
|         inst_blk_mem_gen                                                         |     0.006 |
|           gnbram.gnativebmg.native_blk_mem_gen                                   |     0.006 |
|             valid.cstr                                                           |     0.006 |
|               ramloop[0].ram.r                                                   |     0.006 |
|                 prim_noinit.ram                                                  |     0.006 |
|     srl32_inst                                                                   |     0.004 |
|       U0                                                                         |     0.004 |
|         i_synth                                                                  |     0.004 |
|           i_bb_inst                                                              |     0.004 |
|   gen_code_label[13].delay_inst                                                  |     0.016 |
|     dsp_nop_inst                                                                 |     0.003 |
|       U0                                                                         |     0.003 |
|         i_synth                                                                  |     0.003 |
|           i_synth_option.i_synth_model                                           |     0.003 |
|             opt_7series.i_uniwrap                                                |     0.003 |
|     lfsr_check_inst                                                              |    <0.001 |
|       lfsr_inst                                                                  |    <0.001 |
|     lfsr_gen_inst                                                                |    <0.001 |
|       lfsr_inst                                                                  |    <0.001 |
|     sp_bram_inst                                                                 |     0.006 |
|       U0                                                                         |     0.006 |
|         inst_blk_mem_gen                                                         |     0.006 |
|           gnbram.gnativebmg.native_blk_mem_gen                                   |     0.006 |
|             valid.cstr                                                           |     0.006 |
|               ramloop[0].ram.r                                                   |     0.006 |
|                 prim_noinit.ram                                                  |     0.006 |
|     srl32_inst                                                                   |     0.003 |
|       U0                                                                         |     0.003 |
|         i_synth                                                                  |     0.003 |
|           i_bb_inst                                                              |     0.003 |
|   gen_code_label[14].delay_inst                                                  |     0.016 |
|     dsp_nop_inst                                                                 |     0.003 |
|       U0                                                                         |     0.003 |
|         i_synth                                                                  |     0.003 |
|           i_synth_option.i_synth_model                                           |     0.003 |
|             opt_7series.i_uniwrap                                                |     0.003 |
|     lfsr_check_inst                                                              |    <0.001 |
|       lfsr_inst                                                                  |    <0.001 |
|     lfsr_gen_inst                                                                |     0.001 |
|       lfsr_inst                                                                  |    <0.001 |
|     sp_bram_inst                                                                 |     0.007 |
|       U0                                                                         |     0.007 |
|         inst_blk_mem_gen                                                         |     0.007 |
|           gnbram.gnativebmg.native_blk_mem_gen                                   |     0.007 |
|             valid.cstr                                                           |     0.007 |
|               ramloop[0].ram.r                                                   |     0.007 |
|                 prim_noinit.ram                                                  |     0.007 |
|     srl32_inst                                                                   |     0.003 |
|       U0                                                                         |     0.003 |
|         i_synth                                                                  |     0.003 |
|           i_bb_inst                                                              |     0.003 |
|   gen_code_label[15].delay_inst                                                  |     0.016 |
|     dsp_nop_inst                                                                 |     0.003 |
|       U0                                                                         |     0.003 |
|         i_synth                                                                  |     0.003 |
|           i_synth_option.i_synth_model                                           |     0.003 |
|             opt_7series.i_uniwrap                                                |     0.003 |
|     lfsr_check_inst                                                              |     0.001 |
|       lfsr_inst                                                                  |    <0.001 |
|     lfsr_gen_inst                                                                |     0.001 |
|       lfsr_inst                                                                  |    <0.001 |
|     sp_bram_inst                                                                 |     0.006 |
|       U0                                                                         |     0.006 |
|         inst_blk_mem_gen                                                         |     0.006 |
|           gnbram.gnativebmg.native_blk_mem_gen                                   |     0.006 |
|             valid.cstr                                                           |     0.006 |
|               ramloop[0].ram.r                                                   |     0.006 |
|                 prim_noinit.ram                                                  |     0.006 |
|     srl32_inst                                                                   |     0.003 |
|       U0                                                                         |     0.003 |
|         i_synth                                                                  |     0.003 |
|           i_bb_inst                                                              |     0.003 |
|   gen_code_label[16].delay_inst                                                  |     0.016 |
|     dsp_nop_inst                                                                 |     0.003 |
|       U0                                                                         |     0.003 |
|         i_synth                                                                  |     0.003 |
|           i_synth_option.i_synth_model                                           |     0.003 |
|             opt_7series.i_uniwrap                                                |     0.003 |
|     lfsr_check_inst                                                              |    <0.001 |
|       lfsr_inst                                                                  |    <0.001 |
|     lfsr_gen_inst                                                                |    <0.001 |
|       lfsr_inst                                                                  |    <0.001 |
|     sp_bram_inst                                                                 |     0.006 |
|       U0                                                                         |     0.006 |
|         inst_blk_mem_gen                                                         |     0.006 |
|           gnbram.gnativebmg.native_blk_mem_gen                                   |     0.006 |
|             valid.cstr                                                           |     0.006 |
|               ramloop[0].ram.r                                                   |     0.006 |
|                 prim_noinit.ram                                                  |     0.006 |
|     srl32_inst                                                                   |     0.003 |
|       U0                                                                         |     0.003 |
|         i_synth                                                                  |     0.003 |
|           i_bb_inst                                                              |     0.003 |
|   gen_code_label[17].delay_inst                                                  |     0.017 |
|     dsp_nop_inst                                                                 |     0.003 |
|       U0                                                                         |     0.003 |
|         i_synth                                                                  |     0.003 |
|           i_synth_option.i_synth_model                                           |     0.003 |
|             opt_7series.i_uniwrap                                                |     0.003 |
|     lfsr_check_inst                                                              |    <0.001 |
|       lfsr_inst                                                                  |    <0.001 |
|     lfsr_gen_inst                                                                |    <0.001 |
|       lfsr_inst                                                                  |    <0.001 |
|     sp_bram_inst                                                                 |     0.007 |
|       U0                                                                         |     0.007 |
|         inst_blk_mem_gen                                                         |     0.007 |
|           gnbram.gnativebmg.native_blk_mem_gen                                   |     0.007 |
|             valid.cstr                                                           |     0.007 |
|               ramloop[0].ram.r                                                   |     0.007 |
|                 prim_noinit.ram                                                  |     0.007 |
|     srl32_inst                                                                   |     0.003 |
|       U0                                                                         |     0.003 |
|         i_synth                                                                  |     0.003 |
|           i_bb_inst                                                              |     0.003 |
|   gen_code_label[18].delay_inst                                                  |     0.016 |
|     dsp_nop_inst                                                                 |     0.003 |
|       U0                                                                         |     0.003 |
|         i_synth                                                                  |     0.003 |
|           i_synth_option.i_synth_model                                           |     0.003 |
|             opt_7series.i_uniwrap                                                |     0.003 |
|     lfsr_check_inst                                                              |    <0.001 |
|       lfsr_inst                                                                  |    <0.001 |
|     lfsr_gen_inst                                                                |    <0.001 |
|       lfsr_inst                                                                  |    <0.001 |
|     sp_bram_inst                                                                 |     0.006 |
|       U0                                                                         |     0.006 |
|         inst_blk_mem_gen                                                         |     0.006 |
|           gnbram.gnativebmg.native_blk_mem_gen                                   |     0.006 |
|             valid.cstr                                                           |     0.006 |
|               ramloop[0].ram.r                                                   |     0.006 |
|                 prim_noinit.ram                                                  |     0.006 |
|     srl32_inst                                                                   |     0.003 |
|       U0                                                                         |     0.003 |
|         i_synth                                                                  |     0.003 |
|           i_bb_inst                                                              |     0.003 |
|   gen_code_label[19].delay_inst                                                  |     0.016 |
|     dsp_nop_inst                                                                 |     0.003 |
|       U0                                                                         |     0.003 |
|         i_synth                                                                  |     0.003 |
|           i_synth_option.i_synth_model                                           |     0.003 |
|             opt_7series.i_uniwrap                                                |     0.003 |
|     lfsr_check_inst                                                              |    <0.001 |
|       lfsr_inst                                                                  |    <0.001 |
|     lfsr_gen_inst                                                                |    <0.001 |
|       lfsr_inst                                                                  |    <0.001 |
|     sp_bram_inst                                                                 |     0.006 |
|       U0                                                                         |     0.006 |
|         inst_blk_mem_gen                                                         |     0.006 |
|           gnbram.gnativebmg.native_blk_mem_gen                                   |     0.006 |
|             valid.cstr                                                           |     0.006 |
|               ramloop[0].ram.r                                                   |     0.006 |
|                 prim_noinit.ram                                                  |     0.006 |
|     srl32_inst                                                                   |     0.003 |
|       U0                                                                         |     0.003 |
|         i_synth                                                                  |     0.003 |
|           i_bb_inst                                                              |     0.003 |
|   gen_code_label[1].delay_inst                                                   |     0.017 |
|     dsp_nop_inst                                                                 |     0.003 |
|       U0                                                                         |     0.003 |
|         i_synth                                                                  |     0.003 |
|           i_synth_option.i_synth_model                                           |     0.003 |
|             opt_7series.i_uniwrap                                                |     0.003 |
|     lfsr_check_inst                                                              |    <0.001 |
|       lfsr_inst                                                                  |    <0.001 |
|     lfsr_gen_inst                                                                |     0.001 |
|       lfsr_inst                                                                  |    <0.001 |
|     sp_bram_inst                                                                 |     0.007 |
|       U0                                                                         |     0.007 |
|         inst_blk_mem_gen                                                         |     0.007 |
|           gnbram.gnativebmg.native_blk_mem_gen                                   |     0.007 |
|             valid.cstr                                                           |     0.007 |
|               ramloop[0].ram.r                                                   |     0.007 |
|                 prim_noinit.ram                                                  |     0.007 |
|     srl32_inst                                                                   |     0.003 |
|       U0                                                                         |     0.003 |
|         i_synth                                                                  |     0.003 |
|           i_bb_inst                                                              |     0.003 |
|   gen_code_label[20].delay_inst                                                  |     0.016 |
|     dsp_nop_inst                                                                 |     0.003 |
|       U0                                                                         |     0.003 |
|         i_synth                                                                  |     0.003 |
|           i_synth_option.i_synth_model                                           |     0.003 |
|             opt_7series.i_uniwrap                                                |     0.003 |
|     lfsr_check_inst                                                              |    <0.001 |
|       lfsr_inst                                                                  |    <0.001 |
|     lfsr_gen_inst                                                                |    <0.001 |
|       lfsr_inst                                                                  |    <0.001 |
|     sp_bram_inst                                                                 |     0.007 |
|       U0                                                                         |     0.007 |
|         inst_blk_mem_gen                                                         |     0.007 |
|           gnbram.gnativebmg.native_blk_mem_gen                                   |     0.007 |
|             valid.cstr                                                           |     0.007 |
|               ramloop[0].ram.r                                                   |     0.007 |
|                 prim_noinit.ram                                                  |     0.007 |
|     srl32_inst                                                                   |     0.003 |
|       U0                                                                         |     0.003 |
|         i_synth                                                                  |     0.003 |
|           i_bb_inst                                                              |     0.003 |
|   gen_code_label[21].delay_inst                                                  |     0.016 |
|     dsp_nop_inst                                                                 |     0.003 |
|       U0                                                                         |     0.003 |
|         i_synth                                                                  |     0.003 |
|           i_synth_option.i_synth_model                                           |     0.003 |
|             opt_7series.i_uniwrap                                                |     0.003 |
|     lfsr_check_inst                                                              |    <0.001 |
|       lfsr_inst                                                                  |    <0.001 |
|     lfsr_gen_inst                                                                |    <0.001 |
|       lfsr_inst                                                                  |    <0.001 |
|     sp_bram_inst                                                                 |     0.006 |
|       U0                                                                         |     0.006 |
|         inst_blk_mem_gen                                                         |     0.006 |
|           gnbram.gnativebmg.native_blk_mem_gen                                   |     0.006 |
|             valid.cstr                                                           |     0.006 |
|               ramloop[0].ram.r                                                   |     0.006 |
|                 prim_noinit.ram                                                  |     0.006 |
|     srl32_inst                                                                   |     0.003 |
|       U0                                                                         |     0.003 |
|         i_synth                                                                  |     0.003 |
|           i_bb_inst                                                              |     0.003 |
|   gen_code_label[22].delay_inst                                                  |     0.016 |
|     dsp_nop_inst                                                                 |     0.003 |
|       U0                                                                         |     0.003 |
|         i_synth                                                                  |     0.003 |
|           i_synth_option.i_synth_model                                           |     0.003 |
|             opt_7series.i_uniwrap                                                |     0.003 |
|     lfsr_check_inst                                                              |    <0.001 |
|       lfsr_inst                                                                  |    <0.001 |
|     lfsr_gen_inst                                                                |    <0.001 |
|       lfsr_inst                                                                  |    <0.001 |
|     sp_bram_inst                                                                 |     0.006 |
|       U0                                                                         |     0.006 |
|         inst_blk_mem_gen                                                         |     0.006 |
|           gnbram.gnativebmg.native_blk_mem_gen                                   |     0.006 |
|             valid.cstr                                                           |     0.006 |
|               ramloop[0].ram.r                                                   |     0.006 |
|                 prim_noinit.ram                                                  |     0.006 |
|     srl32_inst                                                                   |     0.003 |
|       U0                                                                         |     0.003 |
|         i_synth                                                                  |     0.003 |
|           i_bb_inst                                                              |     0.003 |
|   gen_code_label[23].delay_inst                                                  |     0.016 |
|     dsp_nop_inst                                                                 |     0.003 |
|       U0                                                                         |     0.003 |
|         i_synth                                                                  |     0.003 |
|           i_synth_option.i_synth_model                                           |     0.003 |
|             opt_7series.i_uniwrap                                                |     0.003 |
|     lfsr_check_inst                                                              |    <0.001 |
|       lfsr_inst                                                                  |    <0.001 |
|     lfsr_gen_inst                                                                |    <0.001 |
|       lfsr_inst                                                                  |    <0.001 |
|     sp_bram_inst                                                                 |     0.006 |
|       U0                                                                         |     0.006 |
|         inst_blk_mem_gen                                                         |     0.006 |
|           gnbram.gnativebmg.native_blk_mem_gen                                   |     0.006 |
|             valid.cstr                                                           |     0.006 |
|               ramloop[0].ram.r                                                   |     0.006 |
|                 prim_noinit.ram                                                  |     0.006 |
|     srl32_inst                                                                   |     0.003 |
|       U0                                                                         |     0.003 |
|         i_synth                                                                  |     0.003 |
|           i_bb_inst                                                              |     0.003 |
|   gen_code_label[24].delay_inst                                                  |     0.016 |
|     dsp_nop_inst                                                                 |     0.003 |
|       U0                                                                         |     0.003 |
|         i_synth                                                                  |     0.003 |
|           i_synth_option.i_synth_model                                           |     0.003 |
|             opt_7series.i_uniwrap                                                |     0.003 |
|     lfsr_check_inst                                                              |    <0.001 |
|       lfsr_inst                                                                  |    <0.001 |
|     lfsr_gen_inst                                                                |    <0.001 |
|       lfsr_inst                                                                  |    <0.001 |
|     sp_bram_inst                                                                 |     0.006 |
|       U0                                                                         |     0.006 |
|         inst_blk_mem_gen                                                         |     0.006 |
|           gnbram.gnativebmg.native_blk_mem_gen                                   |     0.006 |
|             valid.cstr                                                           |     0.006 |
|               ramloop[0].ram.r                                                   |     0.006 |
|                 prim_noinit.ram                                                  |     0.006 |
|     srl32_inst                                                                   |     0.003 |
|       U0                                                                         |     0.003 |
|         i_synth                                                                  |     0.003 |
|           i_bb_inst                                                              |     0.003 |
|   gen_code_label[25].delay_inst                                                  |     0.016 |
|     dsp_nop_inst                                                                 |     0.003 |
|       U0                                                                         |     0.003 |
|         i_synth                                                                  |     0.003 |
|           i_synth_option.i_synth_model                                           |     0.003 |
|             opt_7series.i_uniwrap                                                |     0.003 |
|     lfsr_check_inst                                                              |    <0.001 |
|       lfsr_inst                                                                  |    <0.001 |
|     lfsr_gen_inst                                                                |    <0.001 |
|       lfsr_inst                                                                  |    <0.001 |
|     sp_bram_inst                                                                 |     0.006 |
|       U0                                                                         |     0.006 |
|         inst_blk_mem_gen                                                         |     0.006 |
|           gnbram.gnativebmg.native_blk_mem_gen                                   |     0.006 |
|             valid.cstr                                                           |     0.006 |
|               ramloop[0].ram.r                                                   |     0.006 |
|                 prim_noinit.ram                                                  |     0.006 |
|     srl32_inst                                                                   |     0.003 |
|       U0                                                                         |     0.003 |
|         i_synth                                                                  |     0.003 |
|           i_bb_inst                                                              |     0.003 |
|   gen_code_label[26].delay_inst                                                  |     0.016 |
|     dsp_nop_inst                                                                 |     0.003 |
|       U0                                                                         |     0.003 |
|         i_synth                                                                  |     0.003 |
|           i_synth_option.i_synth_model                                           |     0.003 |
|             opt_7series.i_uniwrap                                                |     0.003 |
|     lfsr_check_inst                                                              |    <0.001 |
|       lfsr_inst                                                                  |    <0.001 |
|     lfsr_gen_inst                                                                |    <0.001 |
|       lfsr_inst                                                                  |    <0.001 |
|     sp_bram_inst                                                                 |     0.006 |
|       U0                                                                         |     0.006 |
|         inst_blk_mem_gen                                                         |     0.006 |
|           gnbram.gnativebmg.native_blk_mem_gen                                   |     0.006 |
|             valid.cstr                                                           |     0.006 |
|               ramloop[0].ram.r                                                   |     0.006 |
|                 prim_noinit.ram                                                  |     0.006 |
|     srl32_inst                                                                   |     0.003 |
|       U0                                                                         |     0.003 |
|         i_synth                                                                  |     0.003 |
|           i_bb_inst                                                              |     0.003 |
|   gen_code_label[27].delay_inst                                                  |     0.016 |
|     dsp_nop_inst                                                                 |     0.003 |
|       U0                                                                         |     0.003 |
|         i_synth                                                                  |     0.003 |
|           i_synth_option.i_synth_model                                           |     0.003 |
|             opt_7series.i_uniwrap                                                |     0.003 |
|     lfsr_check_inst                                                              |    <0.001 |
|       lfsr_inst                                                                  |    <0.001 |
|     lfsr_gen_inst                                                                |    <0.001 |
|       lfsr_inst                                                                  |    <0.001 |
|     sp_bram_inst                                                                 |     0.006 |
|       U0                                                                         |     0.006 |
|         inst_blk_mem_gen                                                         |     0.006 |
|           gnbram.gnativebmg.native_blk_mem_gen                                   |     0.006 |
|             valid.cstr                                                           |     0.006 |
|               ramloop[0].ram.r                                                   |     0.006 |
|                 prim_noinit.ram                                                  |     0.006 |
|     srl32_inst                                                                   |     0.003 |
|       U0                                                                         |     0.003 |
|         i_synth                                                                  |     0.003 |
|           i_bb_inst                                                              |     0.003 |
|   gen_code_label[28].delay_inst                                                  |     0.016 |
|     dsp_nop_inst                                                                 |     0.003 |
|       U0                                                                         |     0.003 |
|         i_synth                                                                  |     0.003 |
|           i_synth_option.i_synth_model                                           |     0.003 |
|             opt_7series.i_uniwrap                                                |     0.003 |
|     lfsr_check_inst                                                              |    <0.001 |
|       lfsr_inst                                                                  |    <0.001 |
|     lfsr_gen_inst                                                                |    <0.001 |
|       lfsr_inst                                                                  |    <0.001 |
|     sp_bram_inst                                                                 |     0.006 |
|       U0                                                                         |     0.006 |
|         inst_blk_mem_gen                                                         |     0.006 |
|           gnbram.gnativebmg.native_blk_mem_gen                                   |     0.006 |
|             valid.cstr                                                           |     0.006 |
|               ramloop[0].ram.r                                                   |     0.006 |
|                 prim_noinit.ram                                                  |     0.006 |
|     srl32_inst                                                                   |     0.003 |
|       U0                                                                         |     0.003 |
|         i_synth                                                                  |     0.003 |
|           i_bb_inst                                                              |     0.003 |
|   gen_code_label[29].delay_inst                                                  |     0.016 |
|     dsp_nop_inst                                                                 |     0.003 |
|       U0                                                                         |     0.003 |
|         i_synth                                                                  |     0.003 |
|           i_synth_option.i_synth_model                                           |     0.003 |
|             opt_7series.i_uniwrap                                                |     0.003 |
|     lfsr_check_inst                                                              |    <0.001 |
|       lfsr_inst                                                                  |    <0.001 |
|     lfsr_gen_inst                                                                |    <0.001 |
|       lfsr_inst                                                                  |    <0.001 |
|     sp_bram_inst                                                                 |     0.006 |
|       U0                                                                         |     0.006 |
|         inst_blk_mem_gen                                                         |     0.006 |
|           gnbram.gnativebmg.native_blk_mem_gen                                   |     0.006 |
|             valid.cstr                                                           |     0.006 |
|               ramloop[0].ram.r                                                   |     0.006 |
|                 prim_noinit.ram                                                  |     0.006 |
|     srl32_inst                                                                   |     0.003 |
|       U0                                                                         |     0.003 |
|         i_synth                                                                  |     0.003 |
|           i_bb_inst                                                              |     0.003 |
|   gen_code_label[2].delay_inst                                                   |     0.016 |
|     dsp_nop_inst                                                                 |     0.003 |
|       U0                                                                         |     0.003 |
|         i_synth                                                                  |     0.003 |
|           i_synth_option.i_synth_model                                           |     0.003 |
|             opt_7series.i_uniwrap                                                |     0.003 |
|     lfsr_check_inst                                                              |    <0.001 |
|       lfsr_inst                                                                  |    <0.001 |
|     lfsr_gen_inst                                                                |    <0.001 |
|       lfsr_inst                                                                  |    <0.001 |
|     sp_bram_inst                                                                 |     0.007 |
|       U0                                                                         |     0.007 |
|         inst_blk_mem_gen                                                         |     0.007 |
|           gnbram.gnativebmg.native_blk_mem_gen                                   |     0.007 |
|             valid.cstr                                                           |     0.007 |
|               ramloop[0].ram.r                                                   |     0.007 |
|                 prim_noinit.ram                                                  |     0.007 |
|     srl32_inst                                                                   |     0.003 |
|       U0                                                                         |     0.003 |
|         i_synth                                                                  |     0.003 |
|           i_bb_inst                                                              |     0.003 |
|   gen_code_label[30].delay_inst                                                  |     0.016 |
|     dsp_nop_inst                                                                 |     0.003 |
|       U0                                                                         |     0.003 |
|         i_synth                                                                  |     0.003 |
|           i_synth_option.i_synth_model                                           |     0.003 |
|             opt_7series.i_uniwrap                                                |     0.003 |
|     lfsr_check_inst                                                              |    <0.001 |
|       lfsr_inst                                                                  |    <0.001 |
|     lfsr_gen_inst                                                                |    <0.001 |
|       lfsr_inst                                                                  |    <0.001 |
|     sp_bram_inst                                                                 |     0.006 |
|       U0                                                                         |     0.006 |
|         inst_blk_mem_gen                                                         |     0.006 |
|           gnbram.gnativebmg.native_blk_mem_gen                                   |     0.006 |
|             valid.cstr                                                           |     0.006 |
|               ramloop[0].ram.r                                                   |     0.006 |
|                 prim_noinit.ram                                                  |     0.006 |
|     srl32_inst                                                                   |     0.003 |
|       U0                                                                         |     0.003 |
|         i_synth                                                                  |     0.003 |
|           i_bb_inst                                                              |     0.003 |
|   gen_code_label[31].delay_inst                                                  |     0.016 |
|     dsp_nop_inst                                                                 |     0.003 |
|       U0                                                                         |     0.003 |
|         i_synth                                                                  |     0.003 |
|           i_synth_option.i_synth_model                                           |     0.003 |
|             opt_7series.i_uniwrap                                                |     0.003 |
|     lfsr_check_inst                                                              |    <0.001 |
|       lfsr_inst                                                                  |    <0.001 |
|     lfsr_gen_inst                                                                |    <0.001 |
|       lfsr_inst                                                                  |    <0.001 |
|     sp_bram_inst                                                                 |     0.006 |
|       U0                                                                         |     0.006 |
|         inst_blk_mem_gen                                                         |     0.006 |
|           gnbram.gnativebmg.native_blk_mem_gen                                   |     0.006 |
|             valid.cstr                                                           |     0.006 |
|               ramloop[0].ram.r                                                   |     0.006 |
|                 prim_noinit.ram                                                  |     0.006 |
|     srl32_inst                                                                   |     0.003 |
|       U0                                                                         |     0.003 |
|         i_synth                                                                  |     0.003 |
|           i_bb_inst                                                              |     0.003 |
|   gen_code_label[3].delay_inst                                                   |     0.016 |
|     dsp_nop_inst                                                                 |     0.003 |
|       U0                                                                         |     0.003 |
|         i_synth                                                                  |     0.003 |
|           i_synth_option.i_synth_model                                           |     0.003 |
|             opt_7series.i_uniwrap                                                |     0.003 |
|     lfsr_check_inst                                                              |    <0.001 |
|       lfsr_inst                                                                  |    <0.001 |
|     lfsr_gen_inst                                                                |    <0.001 |
|       lfsr_inst                                                                  |    <0.001 |
|     sp_bram_inst                                                                 |     0.006 |
|       U0                                                                         |     0.006 |
|         inst_blk_mem_gen                                                         |     0.006 |
|           gnbram.gnativebmg.native_blk_mem_gen                                   |     0.006 |
|             valid.cstr                                                           |     0.006 |
|               ramloop[0].ram.r                                                   |     0.006 |
|                 prim_noinit.ram                                                  |     0.006 |
|     srl32_inst                                                                   |     0.003 |
|       U0                                                                         |     0.003 |
|         i_synth                                                                  |     0.003 |
|           i_bb_inst                                                              |     0.003 |
|   gen_code_label[4].delay_inst                                                   |     0.016 |
|     dsp_nop_inst                                                                 |     0.003 |
|       U0                                                                         |     0.003 |
|         i_synth                                                                  |     0.003 |
|           i_synth_option.i_synth_model                                           |     0.003 |
|             opt_7series.i_uniwrap                                                |     0.003 |
|     lfsr_check_inst                                                              |    <0.001 |
|       lfsr_inst                                                                  |    <0.001 |
|     lfsr_gen_inst                                                                |     0.001 |
|       lfsr_inst                                                                  |    <0.001 |
|     sp_bram_inst                                                                 |     0.007 |
|       U0                                                                         |     0.007 |
|         inst_blk_mem_gen                                                         |     0.007 |
|           gnbram.gnativebmg.native_blk_mem_gen                                   |     0.007 |
|             valid.cstr                                                           |     0.007 |
|               ramloop[0].ram.r                                                   |     0.007 |
|                 prim_noinit.ram                                                  |     0.007 |
|     srl32_inst                                                                   |     0.003 |
|       U0                                                                         |     0.003 |
|         i_synth                                                                  |     0.003 |
|           i_bb_inst                                                              |     0.003 |
|   gen_code_label[5].delay_inst                                                   |     0.017 |
|     dsp_nop_inst                                                                 |     0.003 |
|       U0                                                                         |     0.003 |
|         i_synth                                                                  |     0.003 |
|           i_synth_option.i_synth_model                                           |     0.003 |
|             opt_7series.i_uniwrap                                                |     0.003 |
|     lfsr_check_inst                                                              |    <0.001 |
|       lfsr_inst                                                                  |    <0.001 |
|     lfsr_gen_inst                                                                |     0.001 |
|       lfsr_inst                                                                  |    <0.001 |
|     sp_bram_inst                                                                 |     0.006 |
|       U0                                                                         |     0.006 |
|         inst_blk_mem_gen                                                         |     0.006 |
|           gnbram.gnativebmg.native_blk_mem_gen                                   |     0.006 |
|             valid.cstr                                                           |     0.006 |
|               ramloop[0].ram.r                                                   |     0.006 |
|                 prim_noinit.ram                                                  |     0.006 |
|     srl32_inst                                                                   |     0.003 |
|       U0                                                                         |     0.003 |
|         i_synth                                                                  |     0.003 |
|           i_bb_inst                                                              |     0.003 |
|   gen_code_label[6].delay_inst                                                   |     0.016 |
|     dsp_nop_inst                                                                 |     0.003 |
|       U0                                                                         |     0.003 |
|         i_synth                                                                  |     0.003 |
|           i_synth_option.i_synth_model                                           |     0.003 |
|             opt_7series.i_uniwrap                                                |     0.003 |
|     lfsr_check_inst                                                              |    <0.001 |
|       lfsr_inst                                                                  |    <0.001 |
|     lfsr_gen_inst                                                                |    <0.001 |
|       lfsr_inst                                                                  |    <0.001 |
|     sp_bram_inst                                                                 |     0.006 |
|       U0                                                                         |     0.006 |
|         inst_blk_mem_gen                                                         |     0.006 |
|           gnbram.gnativebmg.native_blk_mem_gen                                   |     0.006 |
|             valid.cstr                                                           |     0.006 |
|               ramloop[0].ram.r                                                   |     0.006 |
|                 prim_noinit.ram                                                  |     0.006 |
|     srl32_inst                                                                   |     0.003 |
|       U0                                                                         |     0.003 |
|         i_synth                                                                  |     0.003 |
|           i_bb_inst                                                              |     0.003 |
|   gen_code_label[7].delay_inst                                                   |     0.016 |
|     dsp_nop_inst                                                                 |     0.003 |
|       U0                                                                         |     0.003 |
|         i_synth                                                                  |     0.003 |
|           i_synth_option.i_synth_model                                           |     0.003 |
|             opt_7series.i_uniwrap                                                |     0.003 |
|     lfsr_check_inst                                                              |    <0.001 |
|       lfsr_inst                                                                  |    <0.001 |
|     lfsr_gen_inst                                                                |     0.001 |
|       lfsr_inst                                                                  |    <0.001 |
|     sp_bram_inst                                                                 |     0.006 |
|       U0                                                                         |     0.006 |
|         inst_blk_mem_gen                                                         |     0.006 |
|           gnbram.gnativebmg.native_blk_mem_gen                                   |     0.006 |
|             valid.cstr                                                           |     0.006 |
|               ramloop[0].ram.r                                                   |     0.006 |
|                 prim_noinit.ram                                                  |     0.006 |
|     srl32_inst                                                                   |     0.003 |
|       U0                                                                         |     0.003 |
|         i_synth                                                                  |     0.003 |
|           i_bb_inst                                                              |     0.003 |
|   gen_code_label[8].delay_inst                                                   |     0.016 |
|     dsp_nop_inst                                                                 |     0.003 |
|       U0                                                                         |     0.003 |
|         i_synth                                                                  |     0.003 |
|           i_synth_option.i_synth_model                                           |     0.003 |
|             opt_7series.i_uniwrap                                                |     0.003 |
|     lfsr_check_inst                                                              |    <0.001 |
|       lfsr_inst                                                                  |    <0.001 |
|     lfsr_gen_inst                                                                |    <0.001 |
|       lfsr_inst                                                                  |    <0.001 |
|     sp_bram_inst                                                                 |     0.006 |
|       U0                                                                         |     0.006 |
|         inst_blk_mem_gen                                                         |     0.006 |
|           gnbram.gnativebmg.native_blk_mem_gen                                   |     0.006 |
|             valid.cstr                                                           |     0.006 |
|               ramloop[0].ram.r                                                   |     0.006 |
|                 prim_noinit.ram                                                  |     0.006 |
|     srl32_inst                                                                   |     0.003 |
|       U0                                                                         |     0.003 |
|         i_synth                                                                  |     0.003 |
|           i_bb_inst                                                              |     0.003 |
|   gen_code_label[9].delay_inst                                                   |     0.016 |
|     dsp_nop_inst                                                                 |     0.003 |
|       U0                                                                         |     0.003 |
|         i_synth                                                                  |     0.003 |
|           i_synth_option.i_synth_model                                           |     0.003 |
|             opt_7series.i_uniwrap                                                |     0.003 |
|     lfsr_check_inst                                                              |    <0.001 |
|       lfsr_inst                                                                  |    <0.001 |
|     lfsr_gen_inst                                                                |    <0.001 |
|       lfsr_inst                                                                  |    <0.001 |
|     sp_bram_inst                                                                 |     0.006 |
|       U0                                                                         |     0.006 |
|         inst_blk_mem_gen                                                         |     0.006 |
|           gnbram.gnativebmg.native_blk_mem_gen                                   |     0.006 |
|             valid.cstr                                                           |     0.006 |
|               ramloop[0].ram.r                                                   |     0.006 |
|                 prim_noinit.ram                                                  |     0.006 |
|     srl32_inst                                                                   |     0.003 |
|       U0                                                                         |     0.003 |
|         i_synth                                                                  |     0.003 |
|           i_bb_inst                                                              |     0.003 |
|   instance_name                                                                  |     0.108 |
|     inst                                                                         |     0.108 |
|   system_i                                                                       |     1.398 |
|     processing_system7_0                                                         |     1.398 |
|       inst                                                                       |     1.398 |
|   vio_inst                                                                       |     0.004 |
|     inst                                                                         |     0.004 |
|       DECODER_INST                                                               |    <0.001 |
|       PROBE_IN_INST                                                              |     0.002 |
|       PROBE_OUT_ALL_INST                                                         |    <0.001 |
|         G_PROBE_OUT[0].PROBE_OUT0_INST                                           |    <0.001 |
|       U_XSDB_SLAVE                                                               |    <0.001 |
+----------------------------------------------------------------------------------+-----------+


